The system is: Darwin - 16.1.0 - x86_64
Compiling the C compiler identification source file "CMakeCCompilerId.c" succeeded.
Compiler: /Applications/Xcode.app/Contents/Developer/Toolchains/XcodeDefault.xctoolchain/usr/bin/cc 
Build flags: 
Id flags: 

The output was:
0


Compilation of the C compiler identification source "CMakeCCompilerId.c" produced "a.out"

The C compiler identification is AppleClang, found in "/Users/Knowledge/Developer/Tutorials/MixingFortranAndC/CMake_Fortran_in_Cpp/build/CMakeFiles/3.7.0/CompilerIdC/a.out"

Compiling the CXX compiler identification source file "CMakeCXXCompilerId.cpp" succeeded.
Compiler: /Applications/Xcode.app/Contents/Developer/Toolchains/XcodeDefault.xctoolchain/usr/bin/c++ 
Build flags: 
Id flags: 

The output was:
0


Compilation of the CXX compiler identification source "CMakeCXXCompilerId.cpp" produced "a.out"

The CXX compiler identification is AppleClang, found in "/Users/Knowledge/Developer/Tutorials/MixingFortranAndC/CMake_Fortran_in_Cpp/build/CMakeFiles/3.7.0/CompilerIdCXX/a.out"

Determining if the C compiler works passed with the following output:
Change Dir: /Users/Knowledge/Developer/Tutorials/MixingFortranAndC/CMake_Fortran_in_Cpp/build/CMakeFiles/CMakeTmp

Run Build Command:"/usr/bin/make" "cmTC_a4877/fast"
/Applications/Xcode.app/Contents/Developer/usr/bin/make -f CMakeFiles/cmTC_a4877.dir/build.make CMakeFiles/cmTC_a4877.dir/build
Building C object CMakeFiles/cmTC_a4877.dir/testCCompiler.c.o
/Applications/Xcode.app/Contents/Developer/Toolchains/XcodeDefault.xctoolchain/usr/bin/cc     -o CMakeFiles/cmTC_a4877.dir/testCCompiler.c.o   -c /Users/Knowledge/Developer/Tutorials/MixingFortranAndC/CMake_Fortran_in_Cpp/build/CMakeFiles/CMakeTmp/testCCompiler.c
Linking C executable cmTC_a4877
/opt/local/bin/cmake -E cmake_link_script CMakeFiles/cmTC_a4877.dir/link.txt --verbose=1
/Applications/Xcode.app/Contents/Developer/Toolchains/XcodeDefault.xctoolchain/usr/bin/cc    -Wl,-search_paths_first -Wl,-headerpad_max_install_names   CMakeFiles/cmTC_a4877.dir/testCCompiler.c.o  -o cmTC_a4877 


Detecting C compiler ABI info compiled with the following output:
Change Dir: /Users/Knowledge/Developer/Tutorials/MixingFortranAndC/CMake_Fortran_in_Cpp/build/CMakeFiles/CMakeTmp

Run Build Command:"/usr/bin/make" "cmTC_cd7d5/fast"
/Applications/Xcode.app/Contents/Developer/usr/bin/make -f CMakeFiles/cmTC_cd7d5.dir/build.make CMakeFiles/cmTC_cd7d5.dir/build
Building C object CMakeFiles/cmTC_cd7d5.dir/CMakeCCompilerABI.c.o
/Applications/Xcode.app/Contents/Developer/Toolchains/XcodeDefault.xctoolchain/usr/bin/cc     -o CMakeFiles/cmTC_cd7d5.dir/CMakeCCompilerABI.c.o   -c /opt/local/share/cmake-3.7/Modules/CMakeCCompilerABI.c
Linking C executable cmTC_cd7d5
/opt/local/bin/cmake -E cmake_link_script CMakeFiles/cmTC_cd7d5.dir/link.txt --verbose=1
/Applications/Xcode.app/Contents/Developer/Toolchains/XcodeDefault.xctoolchain/usr/bin/cc    -Wl,-search_paths_first -Wl,-headerpad_max_install_names  -v -Wl,-v CMakeFiles/cmTC_cd7d5.dir/CMakeCCompilerABI.c.o  -o cmTC_cd7d5  
Apple LLVM version 8.0.0 (clang-800.0.42.1)
Target: x86_64-apple-darwin16.1.0
Thread model: posix
InstalledDir: /Applications/Xcode.app/Contents/Developer/Toolchains/XcodeDefault.xctoolchain/usr/bin
 "/Applications/Xcode.app/Contents/Developer/Toolchains/XcodeDefault.xctoolchain/usr/bin/ld" -demangle -dynamic -arch x86_64 -macosx_version_min 10.12.0 -o cmTC_cd7d5 -search_paths_first -headerpad_max_install_names -v CMakeFiles/cmTC_cd7d5.dir/CMakeCCompilerABI.c.o -lSystem /Applications/Xcode.app/Contents/Developer/Toolchains/XcodeDefault.xctoolchain/usr/bin/../lib/clang/8.0.0/lib/darwin/libclang_rt.osx.a
@(#)PROGRAM:ld  PROJECT:ld64-274.1
configured to support archs: armv6 armv7 armv7s arm64 i386 x86_64 x86_64h armv6m armv7k armv7m armv7em (tvOS)
Library search paths:
	/usr/lib
	/usr/local/lib
Framework search paths:
	/Library/Frameworks/
	/System/Library/Frameworks/


Parsed C implicit link information from above output:
  link line regex: [^( *|.*[/\])(ld|([^/\]+-)?ld|collect2)[^/\]*( |$)]
  ignore line: [Change Dir: /Users/Knowledge/Developer/Tutorials/MixingFortranAndC/CMake_Fortran_in_Cpp/build/CMakeFiles/CMakeTmp]
  ignore line: []
  ignore line: [Run Build Command:"/usr/bin/make" "cmTC_cd7d5/fast"]
  ignore line: [/Applications/Xcode.app/Contents/Developer/usr/bin/make -f CMakeFiles/cmTC_cd7d5.dir/build.make CMakeFiles/cmTC_cd7d5.dir/build]
  ignore line: [Building C object CMakeFiles/cmTC_cd7d5.dir/CMakeCCompilerABI.c.o]
  ignore line: [/Applications/Xcode.app/Contents/Developer/Toolchains/XcodeDefault.xctoolchain/usr/bin/cc     -o CMakeFiles/cmTC_cd7d5.dir/CMakeCCompilerABI.c.o   -c /opt/local/share/cmake-3.7/Modules/CMakeCCompilerABI.c]
  ignore line: [Linking C executable cmTC_cd7d5]
  ignore line: [/opt/local/bin/cmake -E cmake_link_script CMakeFiles/cmTC_cd7d5.dir/link.txt --verbose=1]
  ignore line: [/Applications/Xcode.app/Contents/Developer/Toolchains/XcodeDefault.xctoolchain/usr/bin/cc    -Wl,-search_paths_first -Wl,-headerpad_max_install_names  -v -Wl,-v CMakeFiles/cmTC_cd7d5.dir/CMakeCCompilerABI.c.o  -o cmTC_cd7d5  ]
  ignore line: [Apple LLVM version 8.0.0 (clang-800.0.42.1)]
  ignore line: [Target: x86_64-apple-darwin16.1.0]
  ignore line: [Thread model: posix]
  ignore line: [InstalledDir: /Applications/Xcode.app/Contents/Developer/Toolchains/XcodeDefault.xctoolchain/usr/bin]
  link line: [ "/Applications/Xcode.app/Contents/Developer/Toolchains/XcodeDefault.xctoolchain/usr/bin/ld" -demangle -dynamic -arch x86_64 -macosx_version_min 10.12.0 -o cmTC_cd7d5 -search_paths_first -headerpad_max_install_names -v CMakeFiles/cmTC_cd7d5.dir/CMakeCCompilerABI.c.o -lSystem /Applications/Xcode.app/Contents/Developer/Toolchains/XcodeDefault.xctoolchain/usr/bin/../lib/clang/8.0.0/lib/darwin/libclang_rt.osx.a]
    arg [/Applications/Xcode.app/Contents/Developer/Toolchains/XcodeDefault.xctoolchain/usr/bin/ld] ==> ignore
    arg [-demangle] ==> ignore
    arg [-dynamic] ==> ignore
    arg [-arch] ==> ignore
    arg [x86_64] ==> ignore
    arg [-macosx_version_min] ==> ignore
    arg [10.12.0] ==> ignore
    arg [-o] ==> ignore
    arg [cmTC_cd7d5] ==> ignore
    arg [-search_paths_first] ==> ignore
    arg [-headerpad_max_install_names] ==> ignore
    arg [-v] ==> ignore
    arg [CMakeFiles/cmTC_cd7d5.dir/CMakeCCompilerABI.c.o] ==> ignore
    arg [-lSystem] ==> lib [System]
    arg [/Applications/Xcode.app/Contents/Developer/Toolchains/XcodeDefault.xctoolchain/usr/bin/../lib/clang/8.0.0/lib/darwin/libclang_rt.osx.a] ==> lib [/Applications/Xcode.app/Contents/Developer/Toolchains/XcodeDefault.xctoolchain/usr/bin/../lib/clang/8.0.0/lib/darwin/libclang_rt.osx.a]
  Library search paths: [;/usr/lib;/usr/local/lib]
  Framework search paths: [;/Library/Frameworks/;/System/Library/Frameworks/]
  remove lib [System]
  remove lib [/Applications/Xcode.app/Contents/Developer/Toolchains/XcodeDefault.xctoolchain/usr/bin/../lib/clang/8.0.0/lib/darwin/libclang_rt.osx.a]
  collapse library dir [/usr/lib] ==> [/usr/lib]
  collapse library dir [/usr/local/lib] ==> [/usr/local/lib]
  collapse framework dir [/Library/Frameworks/] ==> [/Library/Frameworks]
  collapse framework dir [/System/Library/Frameworks/] ==> [/System/Library/Frameworks]
  implicit libs: []
  implicit dirs: [/usr/lib;/usr/local/lib]
  implicit fwks: [/Library/Frameworks;/System/Library/Frameworks]




Detecting C [-std=c11] compiler features compiled with the following output:
Change Dir: /Users/Knowledge/Developer/Tutorials/MixingFortranAndC/CMake_Fortran_in_Cpp/build/CMakeFiles/CMakeTmp

Run Build Command:"/usr/bin/make" "cmTC_adda8/fast"
/Applications/Xcode.app/Contents/Developer/usr/bin/make -f CMakeFiles/cmTC_adda8.dir/build.make CMakeFiles/cmTC_adda8.dir/build
Building C object CMakeFiles/cmTC_adda8.dir/feature_tests.c.o
/Applications/Xcode.app/Contents/Developer/Toolchains/XcodeDefault.xctoolchain/usr/bin/cc    -std=c11 -o CMakeFiles/cmTC_adda8.dir/feature_tests.c.o   -c /Users/Knowledge/Developer/Tutorials/MixingFortranAndC/CMake_Fortran_in_Cpp/build/CMakeFiles/feature_tests.c
Linking C executable cmTC_adda8
/opt/local/bin/cmake -E cmake_link_script CMakeFiles/cmTC_adda8.dir/link.txt --verbose=1
/Applications/Xcode.app/Contents/Developer/Toolchains/XcodeDefault.xctoolchain/usr/bin/cc    -Wl,-search_paths_first -Wl,-headerpad_max_install_names   CMakeFiles/cmTC_adda8.dir/feature_tests.c.o  -o cmTC_adda8 


    Feature record: C_FEATURE:1c_function_prototypes
    Feature record: C_FEATURE:1c_restrict
    Feature record: C_FEATURE:1c_static_assert
    Feature record: C_FEATURE:1c_variadic_macros


Detecting C [-std=c99] compiler features compiled with the following output:
Change Dir: /Users/Knowledge/Developer/Tutorials/MixingFortranAndC/CMake_Fortran_in_Cpp/build/CMakeFiles/CMakeTmp

Run Build Command:"/usr/bin/make" "cmTC_9581f/fast"
/Applications/Xcode.app/Contents/Developer/usr/bin/make -f CMakeFiles/cmTC_9581f.dir/build.make CMakeFiles/cmTC_9581f.dir/build
Building C object CMakeFiles/cmTC_9581f.dir/feature_tests.c.o
/Applications/Xcode.app/Contents/Developer/Toolchains/XcodeDefault.xctoolchain/usr/bin/cc    -std=c99 -o CMakeFiles/cmTC_9581f.dir/feature_tests.c.o   -c /Users/Knowledge/Developer/Tutorials/MixingFortranAndC/CMake_Fortran_in_Cpp/build/CMakeFiles/feature_tests.c
Linking C executable cmTC_9581f
/opt/local/bin/cmake -E cmake_link_script CMakeFiles/cmTC_9581f.dir/link.txt --verbose=1
/Applications/Xcode.app/Contents/Developer/Toolchains/XcodeDefault.xctoolchain/usr/bin/cc    -Wl,-search_paths_first -Wl,-headerpad_max_install_names   CMakeFiles/cmTC_9581f.dir/feature_tests.c.o  -o cmTC_9581f 


    Feature record: C_FEATURE:1c_function_prototypes
    Feature record: C_FEATURE:1c_restrict
    Feature record: C_FEATURE:0c_static_assert
    Feature record: C_FEATURE:1c_variadic_macros


Detecting C [-std=c90] compiler features compiled with the following output:
Change Dir: /Users/Knowledge/Developer/Tutorials/MixingFortranAndC/CMake_Fortran_in_Cpp/build/CMakeFiles/CMakeTmp

Run Build Command:"/usr/bin/make" "cmTC_d63ca/fast"
/Applications/Xcode.app/Contents/Developer/usr/bin/make -f CMakeFiles/cmTC_d63ca.dir/build.make CMakeFiles/cmTC_d63ca.dir/build
Building C object CMakeFiles/cmTC_d63ca.dir/feature_tests.c.o
/Applications/Xcode.app/Contents/Developer/Toolchains/XcodeDefault.xctoolchain/usr/bin/cc    -std=c90 -o CMakeFiles/cmTC_d63ca.dir/feature_tests.c.o   -c /Users/Knowledge/Developer/Tutorials/MixingFortranAndC/CMake_Fortran_in_Cpp/build/CMakeFiles/feature_tests.c
Linking C executable cmTC_d63ca
/opt/local/bin/cmake -E cmake_link_script CMakeFiles/cmTC_d63ca.dir/link.txt --verbose=1
/Applications/Xcode.app/Contents/Developer/Toolchains/XcodeDefault.xctoolchain/usr/bin/cc    -Wl,-search_paths_first -Wl,-headerpad_max_install_names   CMakeFiles/cmTC_d63ca.dir/feature_tests.c.o  -o cmTC_d63ca 


    Feature record: C_FEATURE:1c_function_prototypes
    Feature record: C_FEATURE:0c_restrict
    Feature record: C_FEATURE:0c_static_assert
    Feature record: C_FEATURE:0c_variadic_macros
Determining if the CXX compiler works passed with the following output:
Change Dir: /Users/Knowledge/Developer/Tutorials/MixingFortranAndC/CMake_Fortran_in_Cpp/build/CMakeFiles/CMakeTmp

Run Build Command:"/usr/bin/make" "cmTC_620c9/fast"
/Applications/Xcode.app/Contents/Developer/usr/bin/make -f CMakeFiles/cmTC_620c9.dir/build.make CMakeFiles/cmTC_620c9.dir/build
Building CXX object CMakeFiles/cmTC_620c9.dir/testCXXCompiler.cxx.o
/Applications/Xcode.app/Contents/Developer/Toolchains/XcodeDefault.xctoolchain/usr/bin/c++      -o CMakeFiles/cmTC_620c9.dir/testCXXCompiler.cxx.o -c /Users/Knowledge/Developer/Tutorials/MixingFortranAndC/CMake_Fortran_in_Cpp/build/CMakeFiles/CMakeTmp/testCXXCompiler.cxx
Linking CXX executable cmTC_620c9
/opt/local/bin/cmake -E cmake_link_script CMakeFiles/cmTC_620c9.dir/link.txt --verbose=1
/Applications/Xcode.app/Contents/Developer/Toolchains/XcodeDefault.xctoolchain/usr/bin/c++     -Wl,-search_paths_first -Wl,-headerpad_max_install_names   CMakeFiles/cmTC_620c9.dir/testCXXCompiler.cxx.o  -o cmTC_620c9 


Detecting CXX compiler ABI info compiled with the following output:
Change Dir: /Users/Knowledge/Developer/Tutorials/MixingFortranAndC/CMake_Fortran_in_Cpp/build/CMakeFiles/CMakeTmp

Run Build Command:"/usr/bin/make" "cmTC_c5435/fast"
/Applications/Xcode.app/Contents/Developer/usr/bin/make -f CMakeFiles/cmTC_c5435.dir/build.make CMakeFiles/cmTC_c5435.dir/build
Building CXX object CMakeFiles/cmTC_c5435.dir/CMakeCXXCompilerABI.cpp.o
/Applications/Xcode.app/Contents/Developer/Toolchains/XcodeDefault.xctoolchain/usr/bin/c++      -o CMakeFiles/cmTC_c5435.dir/CMakeCXXCompilerABI.cpp.o -c /opt/local/share/cmake-3.7/Modules/CMakeCXXCompilerABI.cpp
Linking CXX executable cmTC_c5435
/opt/local/bin/cmake -E cmake_link_script CMakeFiles/cmTC_c5435.dir/link.txt --verbose=1
/Applications/Xcode.app/Contents/Developer/Toolchains/XcodeDefault.xctoolchain/usr/bin/c++     -Wl,-search_paths_first -Wl,-headerpad_max_install_names  -v -Wl,-v CMakeFiles/cmTC_c5435.dir/CMakeCXXCompilerABI.cpp.o  -o cmTC_c5435  
Apple LLVM version 8.0.0 (clang-800.0.42.1)
Target: x86_64-apple-darwin16.1.0
Thread model: posix
InstalledDir: /Applications/Xcode.app/Contents/Developer/Toolchains/XcodeDefault.xctoolchain/usr/bin
 "/Applications/Xcode.app/Contents/Developer/Toolchains/XcodeDefault.xctoolchain/usr/bin/ld" -demangle -dynamic -arch x86_64 -macosx_version_min 10.12.0 -o cmTC_c5435 -search_paths_first -headerpad_max_install_names -v CMakeFiles/cmTC_c5435.dir/CMakeCXXCompilerABI.cpp.o -lc++ -lSystem /Applications/Xcode.app/Contents/Developer/Toolchains/XcodeDefault.xctoolchain/usr/bin/../lib/clang/8.0.0/lib/darwin/libclang_rt.osx.a
@(#)PROGRAM:ld  PROJECT:ld64-274.1
configured to support archs: armv6 armv7 armv7s arm64 i386 x86_64 x86_64h armv6m armv7k armv7m armv7em (tvOS)
Library search paths:
	/usr/lib
	/usr/local/lib
Framework search paths:
	/Library/Frameworks/
	/System/Library/Frameworks/


Parsed CXX implicit link information from above output:
  link line regex: [^( *|.*[/\])(ld|([^/\]+-)?ld|collect2)[^/\]*( |$)]
  ignore line: [Change Dir: /Users/Knowledge/Developer/Tutorials/MixingFortranAndC/CMake_Fortran_in_Cpp/build/CMakeFiles/CMakeTmp]
  ignore line: []
  ignore line: [Run Build Command:"/usr/bin/make" "cmTC_c5435/fast"]
  ignore line: [/Applications/Xcode.app/Contents/Developer/usr/bin/make -f CMakeFiles/cmTC_c5435.dir/build.make CMakeFiles/cmTC_c5435.dir/build]
  ignore line: [Building CXX object CMakeFiles/cmTC_c5435.dir/CMakeCXXCompilerABI.cpp.o]
  ignore line: [/Applications/Xcode.app/Contents/Developer/Toolchains/XcodeDefault.xctoolchain/usr/bin/c++      -o CMakeFiles/cmTC_c5435.dir/CMakeCXXCompilerABI.cpp.o -c /opt/local/share/cmake-3.7/Modules/CMakeCXXCompilerABI.cpp]
  ignore line: [Linking CXX executable cmTC_c5435]
  ignore line: [/opt/local/bin/cmake -E cmake_link_script CMakeFiles/cmTC_c5435.dir/link.txt --verbose=1]
  ignore line: [/Applications/Xcode.app/Contents/Developer/Toolchains/XcodeDefault.xctoolchain/usr/bin/c++     -Wl,-search_paths_first -Wl,-headerpad_max_install_names  -v -Wl,-v CMakeFiles/cmTC_c5435.dir/CMakeCXXCompilerABI.cpp.o  -o cmTC_c5435  ]
  ignore line: [Apple LLVM version 8.0.0 (clang-800.0.42.1)]
  ignore line: [Target: x86_64-apple-darwin16.1.0]
  ignore line: [Thread model: posix]
  ignore line: [InstalledDir: /Applications/Xcode.app/Contents/Developer/Toolchains/XcodeDefault.xctoolchain/usr/bin]
  link line: [ "/Applications/Xcode.app/Contents/Developer/Toolchains/XcodeDefault.xctoolchain/usr/bin/ld" -demangle -dynamic -arch x86_64 -macosx_version_min 10.12.0 -o cmTC_c5435 -search_paths_first -headerpad_max_install_names -v CMakeFiles/cmTC_c5435.dir/CMakeCXXCompilerABI.cpp.o -lc++ -lSystem /Applications/Xcode.app/Contents/Developer/Toolchains/XcodeDefault.xctoolchain/usr/bin/../lib/clang/8.0.0/lib/darwin/libclang_rt.osx.a]
    arg [/Applications/Xcode.app/Contents/Developer/Toolchains/XcodeDefault.xctoolchain/usr/bin/ld] ==> ignore
    arg [-demangle] ==> ignore
    arg [-dynamic] ==> ignore
    arg [-arch] ==> ignore
    arg [x86_64] ==> ignore
    arg [-macosx_version_min] ==> ignore
    arg [10.12.0] ==> ignore
    arg [-o] ==> ignore
    arg [cmTC_c5435] ==> ignore
    arg [-search_paths_first] ==> ignore
    arg [-headerpad_max_install_names] ==> ignore
    arg [-v] ==> ignore
    arg [CMakeFiles/cmTC_c5435.dir/CMakeCXXCompilerABI.cpp.o] ==> ignore
    arg [-lc++] ==> lib [c++]
    arg [-lSystem] ==> lib [System]
    arg [/Applications/Xcode.app/Contents/Developer/Toolchains/XcodeDefault.xctoolchain/usr/bin/../lib/clang/8.0.0/lib/darwin/libclang_rt.osx.a] ==> lib [/Applications/Xcode.app/Contents/Developer/Toolchains/XcodeDefault.xctoolchain/usr/bin/../lib/clang/8.0.0/lib/darwin/libclang_rt.osx.a]
  Library search paths: [;/usr/lib;/usr/local/lib]
  Framework search paths: [;/Library/Frameworks/;/System/Library/Frameworks/]
  remove lib [System]
  remove lib [/Applications/Xcode.app/Contents/Developer/Toolchains/XcodeDefault.xctoolchain/usr/bin/../lib/clang/8.0.0/lib/darwin/libclang_rt.osx.a]
  collapse library dir [/usr/lib] ==> [/usr/lib]
  collapse library dir [/usr/local/lib] ==> [/usr/local/lib]
  collapse framework dir [/Library/Frameworks/] ==> [/Library/Frameworks]
  collapse framework dir [/System/Library/Frameworks/] ==> [/System/Library/Frameworks]
  implicit libs: [c++]
  implicit dirs: [/usr/lib;/usr/local/lib]
  implicit fwks: [/Library/Frameworks;/System/Library/Frameworks]




Detecting CXX [-std=c++14] compiler features compiled with the following output:
Change Dir: /Users/Knowledge/Developer/Tutorials/MixingFortranAndC/CMake_Fortran_in_Cpp/build/CMakeFiles/CMakeTmp

Run Build Command:"/usr/bin/make" "cmTC_2ad74/fast"
/Applications/Xcode.app/Contents/Developer/usr/bin/make -f CMakeFiles/cmTC_2ad74.dir/build.make CMakeFiles/cmTC_2ad74.dir/build
Building CXX object CMakeFiles/cmTC_2ad74.dir/feature_tests.cxx.o
/Applications/Xcode.app/Contents/Developer/Toolchains/XcodeDefault.xctoolchain/usr/bin/c++     -std=c++14 -o CMakeFiles/cmTC_2ad74.dir/feature_tests.cxx.o -c /Users/Knowledge/Developer/Tutorials/MixingFortranAndC/CMake_Fortran_in_Cpp/build/CMakeFiles/feature_tests.cxx
Linking CXX executable cmTC_2ad74
/opt/local/bin/cmake -E cmake_link_script CMakeFiles/cmTC_2ad74.dir/link.txt --verbose=1
/Applications/Xcode.app/Contents/Developer/Toolchains/XcodeDefault.xctoolchain/usr/bin/c++     -Wl,-search_paths_first -Wl,-headerpad_max_install_names   CMakeFiles/cmTC_2ad74.dir/feature_tests.cxx.o  -o cmTC_2ad74 


    Feature record: CXX_FEATURE:1cxx_aggregate_default_initializers
    Feature record: CXX_FEATURE:1cxx_alias_templates
    Feature record: CXX_FEATURE:1cxx_alignas
    Feature record: CXX_FEATURE:1cxx_alignof
    Feature record: CXX_FEATURE:1cxx_attributes
    Feature record: CXX_FEATURE:1cxx_attribute_deprecated
    Feature record: CXX_FEATURE:1cxx_auto_type
    Feature record: CXX_FEATURE:1cxx_binary_literals
    Feature record: CXX_FEATURE:1cxx_constexpr
    Feature record: CXX_FEATURE:1cxx_contextual_conversions
    Feature record: CXX_FEATURE:1cxx_decltype
    Feature record: CXX_FEATURE:1cxx_decltype_auto
    Feature record: CXX_FEATURE:1cxx_decltype_incomplete_return_types
    Feature record: CXX_FEATURE:1cxx_default_function_template_args
    Feature record: CXX_FEATURE:1cxx_defaulted_functions
    Feature record: CXX_FEATURE:1cxx_defaulted_move_initializers
    Feature record: CXX_FEATURE:1cxx_delegating_constructors
    Feature record: CXX_FEATURE:1cxx_deleted_functions
    Feature record: CXX_FEATURE:1cxx_digit_separators
    Feature record: CXX_FEATURE:1cxx_enum_forward_declarations
    Feature record: CXX_FEATURE:1cxx_explicit_conversions
    Feature record: CXX_FEATURE:1cxx_extended_friend_declarations
    Feature record: CXX_FEATURE:1cxx_extern_templates
    Feature record: CXX_FEATURE:1cxx_final
    Feature record: CXX_FEATURE:1cxx_func_identifier
    Feature record: CXX_FEATURE:1cxx_generalized_initializers
    Feature record: CXX_FEATURE:1cxx_generic_lambdas
    Feature record: CXX_FEATURE:1cxx_inheriting_constructors
    Feature record: CXX_FEATURE:1cxx_inline_namespaces
    Feature record: CXX_FEATURE:1cxx_lambdas
    Feature record: CXX_FEATURE:1cxx_lambda_init_captures
    Feature record: CXX_FEATURE:1cxx_local_type_template_args
    Feature record: CXX_FEATURE:1cxx_long_long_type
    Feature record: CXX_FEATURE:1cxx_noexcept
    Feature record: CXX_FEATURE:1cxx_nonstatic_member_init
    Feature record: CXX_FEATURE:1cxx_nullptr
    Feature record: CXX_FEATURE:1cxx_override
    Feature record: CXX_FEATURE:1cxx_range_for
    Feature record: CXX_FEATURE:1cxx_raw_string_literals
    Feature record: CXX_FEATURE:1cxx_reference_qualified_functions
    Feature record: CXX_FEATURE:1cxx_relaxed_constexpr
    Feature record: CXX_FEATURE:1cxx_return_type_deduction
    Feature record: CXX_FEATURE:1cxx_right_angle_brackets
    Feature record: CXX_FEATURE:1cxx_rvalue_references
    Feature record: CXX_FEATURE:1cxx_sizeof_member
    Feature record: CXX_FEATURE:1cxx_static_assert
    Feature record: CXX_FEATURE:1cxx_strong_enums
    Feature record: CXX_FEATURE:1cxx_template_template_parameters
    Feature record: CXX_FEATURE:1cxx_thread_local
    Feature record: CXX_FEATURE:1cxx_trailing_return_types
    Feature record: CXX_FEATURE:1cxx_unicode_literals
    Feature record: CXX_FEATURE:1cxx_uniform_initialization
    Feature record: CXX_FEATURE:1cxx_unrestricted_unions
    Feature record: CXX_FEATURE:1cxx_user_literals
    Feature record: CXX_FEATURE:1cxx_variable_templates
    Feature record: CXX_FEATURE:1cxx_variadic_macros
    Feature record: CXX_FEATURE:1cxx_variadic_templates


Detecting CXX [-std=c++11] compiler features compiled with the following output:
Change Dir: /Users/Knowledge/Developer/Tutorials/MixingFortranAndC/CMake_Fortran_in_Cpp/build/CMakeFiles/CMakeTmp

Run Build Command:"/usr/bin/make" "cmTC_42c69/fast"
/Applications/Xcode.app/Contents/Developer/usr/bin/make -f CMakeFiles/cmTC_42c69.dir/build.make CMakeFiles/cmTC_42c69.dir/build
Building CXX object CMakeFiles/cmTC_42c69.dir/feature_tests.cxx.o
/Applications/Xcode.app/Contents/Developer/Toolchains/XcodeDefault.xctoolchain/usr/bin/c++     -std=c++11 -o CMakeFiles/cmTC_42c69.dir/feature_tests.cxx.o -c /Users/Knowledge/Developer/Tutorials/MixingFortranAndC/CMake_Fortran_in_Cpp/build/CMakeFiles/feature_tests.cxx
Linking CXX executable cmTC_42c69
/opt/local/bin/cmake -E cmake_link_script CMakeFiles/cmTC_42c69.dir/link.txt --verbose=1
/Applications/Xcode.app/Contents/Developer/Toolchains/XcodeDefault.xctoolchain/usr/bin/c++     -Wl,-search_paths_first -Wl,-headerpad_max_install_names   CMakeFiles/cmTC_42c69.dir/feature_tests.cxx.o  -o cmTC_42c69 


    Feature record: CXX_FEATURE:0cxx_aggregate_default_initializers
    Feature record: CXX_FEATURE:1cxx_alias_templates
    Feature record: CXX_FEATURE:1cxx_alignas
    Feature record: CXX_FEATURE:1cxx_alignof
    Feature record: CXX_FEATURE:1cxx_attributes
    Feature record: CXX_FEATURE:0cxx_attribute_deprecated
    Feature record: CXX_FEATURE:1cxx_auto_type
    Feature record: CXX_FEATURE:0cxx_binary_literals
    Feature record: CXX_FEATURE:1cxx_constexpr
    Feature record: CXX_FEATURE:0cxx_contextual_conversions
    Feature record: CXX_FEATURE:1cxx_decltype
    Feature record: CXX_FEATURE:0cxx_decltype_auto
    Feature record: CXX_FEATURE:1cxx_decltype_incomplete_return_types
    Feature record: CXX_FEATURE:1cxx_default_function_template_args
    Feature record: CXX_FEATURE:1cxx_defaulted_functions
    Feature record: CXX_FEATURE:1cxx_defaulted_move_initializers
    Feature record: CXX_FEATURE:1cxx_delegating_constructors
    Feature record: CXX_FEATURE:1cxx_deleted_functions
    Feature record: CXX_FEATURE:0cxx_digit_separators
    Feature record: CXX_FEATURE:1cxx_enum_forward_declarations
    Feature record: CXX_FEATURE:1cxx_explicit_conversions
    Feature record: CXX_FEATURE:1cxx_extended_friend_declarations
    Feature record: CXX_FEATURE:1cxx_extern_templates
    Feature record: CXX_FEATURE:1cxx_final
    Feature record: CXX_FEATURE:1cxx_func_identifier
    Feature record: CXX_FEATURE:1cxx_generalized_initializers
    Feature record: CXX_FEATURE:0cxx_generic_lambdas
    Feature record: CXX_FEATURE:1cxx_inheriting_constructors
    Feature record: CXX_FEATURE:1cxx_inline_namespaces
    Feature record: CXX_FEATURE:1cxx_lambdas
    Feature record: CXX_FEATURE:0cxx_lambda_init_captures
    Feature record: CXX_FEATURE:1cxx_local_type_template_args
    Feature record: CXX_FEATURE:1cxx_long_long_type
    Feature record: CXX_FEATURE:1cxx_noexcept
    Feature record: CXX_FEATURE:1cxx_nonstatic_member_init
    Feature record: CXX_FEATURE:1cxx_nullptr
    Feature record: CXX_FEATURE:1cxx_override
    Feature record: CXX_FEATURE:1cxx_range_for
    Feature record: CXX_FEATURE:1cxx_raw_string_literals
    Feature record: CXX_FEATURE:1cxx_reference_qualified_functions
    Feature record: CXX_FEATURE:0cxx_relaxed_constexpr
    Feature record: CXX_FEATURE:0cxx_return_type_deduction
    Feature record: CXX_FEATURE:1cxx_right_angle_brackets
    Feature record: CXX_FEATURE:1cxx_rvalue_references
    Feature record: CXX_FEATURE:1cxx_sizeof_member
    Feature record: CXX_FEATURE:1cxx_static_assert
    Feature record: CXX_FEATURE:1cxx_strong_enums
    Feature record: CXX_FEATURE:1cxx_template_template_parameters
    Feature record: CXX_FEATURE:1cxx_thread_local
    Feature record: CXX_FEATURE:1cxx_trailing_return_types
    Feature record: CXX_FEATURE:1cxx_unicode_literals
    Feature record: CXX_FEATURE:1cxx_uniform_initialization
    Feature record: CXX_FEATURE:1cxx_unrestricted_unions
    Feature record: CXX_FEATURE:1cxx_user_literals
    Feature record: CXX_FEATURE:0cxx_variable_templates
    Feature record: CXX_FEATURE:1cxx_variadic_macros
    Feature record: CXX_FEATURE:1cxx_variadic_templates


Detecting CXX [-std=c++98] compiler features compiled with the following output:
Change Dir: /Users/Knowledge/Developer/Tutorials/MixingFortranAndC/CMake_Fortran_in_Cpp/build/CMakeFiles/CMakeTmp

Run Build Command:"/usr/bin/make" "cmTC_f5b68/fast"
/Applications/Xcode.app/Contents/Developer/usr/bin/make -f CMakeFiles/cmTC_f5b68.dir/build.make CMakeFiles/cmTC_f5b68.dir/build
Building CXX object CMakeFiles/cmTC_f5b68.dir/feature_tests.cxx.o
/Applications/Xcode.app/Contents/Developer/Toolchains/XcodeDefault.xctoolchain/usr/bin/c++     -std=c++98 -o CMakeFiles/cmTC_f5b68.dir/feature_tests.cxx.o -c /Users/Knowledge/Developer/Tutorials/MixingFortranAndC/CMake_Fortran_in_Cpp/build/CMakeFiles/feature_tests.cxx
Linking CXX executable cmTC_f5b68
/opt/local/bin/cmake -E cmake_link_script CMakeFiles/cmTC_f5b68.dir/link.txt --verbose=1
/Applications/Xcode.app/Contents/Developer/Toolchains/XcodeDefault.xctoolchain/usr/bin/c++     -Wl,-search_paths_first -Wl,-headerpad_max_install_names   CMakeFiles/cmTC_f5b68.dir/feature_tests.cxx.o  -o cmTC_f5b68 


    Feature record: CXX_FEATURE:0cxx_aggregate_default_initializers
    Feature record: CXX_FEATURE:0cxx_alias_templates
    Feature record: CXX_FEATURE:0cxx_alignas
    Feature record: CXX_FEATURE:0cxx_alignof
    Feature record: CXX_FEATURE:0cxx_attributes
    Feature record: CXX_FEATURE:0cxx_attribute_deprecated
    Feature record: CXX_FEATURE:0cxx_auto_type
    Feature record: CXX_FEATURE:0cxx_binary_literals
    Feature record: CXX_FEATURE:0cxx_constexpr
    Feature record: CXX_FEATURE:0cxx_contextual_conversions
    Feature record: CXX_FEATURE:0cxx_decltype
    Feature record: CXX_FEATURE:0cxx_decltype_auto
    Feature record: CXX_FEATURE:0cxx_decltype_incomplete_return_types
    Feature record: CXX_FEATURE:0cxx_default_function_template_args
    Feature record: CXX_FEATURE:0cxx_defaulted_functions
    Feature record: CXX_FEATURE:0cxx_defaulted_move_initializers
    Feature record: CXX_FEATURE:0cxx_delegating_constructors
    Feature record: CXX_FEATURE:0cxx_deleted_functions
    Feature record: CXX_FEATURE:0cxx_digit_separators
    Feature record: CXX_FEATURE:0cxx_enum_forward_declarations
    Feature record: CXX_FEATURE:0cxx_explicit_conversions
    Feature record: CXX_FEATURE:0cxx_extended_friend_declarations
    Feature record: CXX_FEATURE:0cxx_extern_templates
    Feature record: CXX_FEATURE:0cxx_final
    Feature record: CXX_FEATURE:0cxx_func_identifier
    Feature record: CXX_FEATURE:0cxx_generalized_initializers
    Feature record: CXX_FEATURE:0cxx_generic_lambdas
    Feature record: CXX_FEATURE:0cxx_inheriting_constructors
    Feature record: CXX_FEATURE:0cxx_inline_namespaces
    Feature record: CXX_FEATURE:0cxx_lambdas
    Feature record: CXX_FEATURE:0cxx_lambda_init_captures
    Feature record: CXX_FEATURE:0cxx_local_type_template_args
    Feature record: CXX_FEATURE:0cxx_long_long_type
    Feature record: CXX_FEATURE:0cxx_noexcept
    Feature record: CXX_FEATURE:0cxx_nonstatic_member_init
    Feature record: CXX_FEATURE:0cxx_nullptr
    Feature record: CXX_FEATURE:0cxx_override
    Feature record: CXX_FEATURE:0cxx_range_for
    Feature record: CXX_FEATURE:0cxx_raw_string_literals
    Feature record: CXX_FEATURE:0cxx_reference_qualified_functions
    Feature record: CXX_FEATURE:0cxx_relaxed_constexpr
    Feature record: CXX_FEATURE:0cxx_return_type_deduction
    Feature record: CXX_FEATURE:0cxx_right_angle_brackets
    Feature record: CXX_FEATURE:0cxx_rvalue_references
    Feature record: CXX_FEATURE:0cxx_sizeof_member
    Feature record: CXX_FEATURE:0cxx_static_assert
    Feature record: CXX_FEATURE:0cxx_strong_enums
    Feature record: CXX_FEATURE:1cxx_template_template_parameters
    Feature record: CXX_FEATURE:0cxx_thread_local
    Feature record: CXX_FEATURE:0cxx_trailing_return_types
    Feature record: CXX_FEATURE:0cxx_unicode_literals
    Feature record: CXX_FEATURE:0cxx_uniform_initialization
    Feature record: CXX_FEATURE:0cxx_unrestricted_unions
    Feature record: CXX_FEATURE:0cxx_user_literals
    Feature record: CXX_FEATURE:0cxx_variable_templates
    Feature record: CXX_FEATURE:0cxx_variadic_macros
    Feature record: CXX_FEATURE:0cxx_variadic_templates
Compiling the Fortran compiler identification source file "CMakeFortranCompilerId.F" succeeded.
Compiler: /opt/local/bin/gfortran 
Build flags: 
Id flags: -v

The output was:
0
Driving: /opt/local/bin/gfortran -v CMakeFortranCompilerId.F -mmacosx-version-min=10.12.1 -l gfortran -shared-libgcc
Using built-in specs.
COLLECT_GCC=/opt/local/bin/gfortran
COLLECT_LTO_WRAPPER=/opt/local/libexec/gcc/x86_64-apple-darwin16/6.2.0/lto-wrapper
Target: x86_64-apple-darwin16
Configured with: /opt/local/var/macports/build/_opt_bblocal_var_buildworker_ports_build_ports_lang_gcc6/gcc6/work/gcc-6.2.0/configure --prefix=/opt/local --build=x86_64-apple-darwin16 --enable-languages=c,c++,objc,obj-c++,lto,fortran --libdir=/opt/local/lib/gcc6 --includedir=/opt/local/include/gcc6 --infodir=/opt/local/share/info --mandir=/opt/local/share/man --datarootdir=/opt/local/share/gcc-6 --with-local-prefix=/opt/local --with-system-zlib --disable-nls --program-suffix=-mp-6 --with-gxx-include-dir=/opt/local/include/gcc6/c++/ --with-gmp=/opt/local --with-mpfr=/opt/local --with-mpc=/opt/local --with-isl=/opt/local --enable-stage1-checking --disable-multilib --enable-lto --enable-libstdcxx-time --with-build-config=bootstrap-debug --with-as=/opt/local/bin/as --with-ld=/opt/local/bin/ld --with-ar=/opt/local/bin/ar --with-bugurl=https://trac.macports.org/newticket --with-pkgversion='MacPorts gcc6 6.2.0_2'
Thread model: posix
gcc version 6.2.0 (MacPorts gcc6 6.2.0_2) 
COLLECT_GCC_OPTIONS='-v' '-mmacosx-version-min=10.12.1' '-shared-libgcc' '-mtune=core2'
 /opt/local/libexec/gcc/x86_64-apple-darwin16/6.2.0/f951 CMakeFortranCompilerId.F -ffixed-form -cpp=/var/folders/gn/07hkp3pd0r53c8sqglm6_3g40000gn/T//ccwI3JF5.f90 -quiet -v -D__DYNAMIC__ CMakeFortranCompilerId.F -fPIC -quiet -dumpbase CMakeFortranCompilerId.F -mmacosx-version-min=10.12.1 -mtune=core2 -auxbase CMakeFortranCompilerId -version -fintrinsic-modules-path /opt/local/lib/gcc6/gcc/x86_64-apple-darwin16/6.2.0/finclude -o /var/folders/gn/07hkp3pd0r53c8sqglm6_3g40000gn/T//ccPnVM2D.s
GNU Fortran (MacPorts gcc6 6.2.0_2) version 6.2.0 (x86_64-apple-darwin16)
	compiled by GNU C version 6.2.0, GMP version 6.1.1, MPFR version 3.1.4, MPC version 1.0.3, isl version 0.14 or 0.13
GGC heuristics: --param ggc-min-expand=100 --param ggc-min-heapsize=131072
ignoring nonexistent directory "/opt/local/lib/gcc6/gcc/x86_64-apple-darwin16/6.2.0/../../../../../x86_64-apple-darwin16/include"
#include "..." search starts here:
#include <...> search starts here:
 /opt/local/lib/gcc6/gcc/x86_64-apple-darwin16/6.2.0/finclude
 /opt/local/lib/gcc6/gcc/x86_64-apple-darwin16/6.2.0/include
 /opt/local/include
 /opt/local/lib/gcc6/gcc/x86_64-apple-darwin16/6.2.0/include-fixed
 /usr/include
End of search list.
GNU Fortran2008 (MacPorts gcc6 6.2.0_2) version 6.2.0 (x86_64-apple-darwin16)
	compiled by GNU C version 6.2.0, GMP version 6.1.1, MPFR version 3.1.4, MPC version 1.0.3, isl version 0.14 or 0.13
GGC heuristics: --param ggc-min-expand=100 --param ggc-min-heapsize=131072
COLLECT_GCC_OPTIONS='-v' '-mmacosx-version-min=10.12.1' '-shared-libgcc' '-mtune=core2'
 /opt/local/bin/as -v -arch x86_64 -force_cpusubtype_ALL -o /var/folders/gn/07hkp3pd0r53c8sqglm6_3g40000gn/T//ccu42hI7.o /var/folders/gn/07hkp3pd0r53c8sqglm6_3g40000gn/T//ccPnVM2D.s
Apple Inc version cctools-886, GNU assembler version 1.38
Reading specs from /opt/local/lib/gcc6/gcc/x86_64-apple-darwin16/6.2.0/../../../libgfortran.spec
rename spec lib to liborig
COLLECT_GCC_OPTIONS='-v' '-mmacosx-version-min=10.12.1' '-shared-libgcc' '-mtune=core2'
COMPILER_PATH=/opt/local/libexec/gcc/x86_64-apple-darwin16/6.2.0/:/opt/local/libexec/gcc/x86_64-apple-darwin16/6.2.0/:/opt/local/libexec/gcc/x86_64-apple-darwin16/:/opt/local/lib/gcc6/gcc/x86_64-apple-darwin16/6.2.0/:/opt/local/lib/gcc6/gcc/x86_64-apple-darwin16/
LIBRARY_PATH=/opt/local/lib/gcc6/gcc/x86_64-apple-darwin16/6.2.0/:/opt/local/lib/gcc6/gcc/x86_64-apple-darwin16/6.2.0/../../../
COLLECT_GCC_OPTIONS='-v' '-mmacosx-version-min=10.12.1' '-shared-libgcc' '-mtune=core2'
 /opt/local/libexec/gcc/x86_64-apple-darwin16/6.2.0/collect2 -dynamic -arch x86_64 -macosx_version_min 10.12.1 -weak_reference_mismatches non-weak -o a.out -L/opt/local/lib/gcc6/gcc/x86_64-apple-darwin16/6.2.0 -L/opt/local/lib/gcc6/gcc/x86_64-apple-darwin16/6.2.0/../../.. /var/folders/gn/07hkp3pd0r53c8sqglm6_3g40000gn/T//ccu42hI7.o -lgfortran -no_compact_unwind -lSystem -lgcc_ext.10.5 -lgcc -lquadmath -lm -lgcc_ext.10.5 -lgcc -lSystem -v
collect2 version 6.2.0
/opt/local/bin/ld -dynamic -arch x86_64 -macosx_version_min 10.12.1 -weak_reference_mismatches non-weak -o a.out -L/opt/local/lib/gcc6/gcc/x86_64-apple-darwin16/6.2.0 -L/opt/local/lib/gcc6/gcc/x86_64-apple-darwin16/6.2.0/../../.. /var/folders/gn/07hkp3pd0r53c8sqglm6_3g40000gn/T//ccu42hI7.o -lgfortran -no_compact_unwind -lSystem -lgcc_ext.10.5 -lgcc -lquadmath -lm -lgcc_ext.10.5 -lgcc -lSystem -v
@(#)PROGRAM:ld  PROJECT:ld64-264.3.102
configured to support archs: i386 x86_64 x86_64h armv6 armv7 armv7s armv7m armv7k arm64 (tvOS)
Library search paths:
	/opt/local/lib/gcc6/gcc/x86_64-apple-darwin16/6.2.0
	/opt/local/lib/gcc6
	/usr/lib
	/usr/local/lib
Framework search paths:
	/Library/Frameworks/
	/System/Library/Frameworks/
 /opt/local/bin/nm -n /var/folders/gn/07hkp3pd0r53c8sqglm6_3g40000gn/T//ccu42hI7.o


Compilation of the Fortran compiler identification source "CMakeFortranCompilerId.F" produced "a.out"

The Fortran compiler identification is GNU, found in "/Users/Knowledge/Developer/Tutorials/MixingFortranAndC/CMake_Fortran_in_Cpp/build/CMakeFiles/3.7.0/CompilerIdFortran/a.out"

Determining if the Fortran compiler works passed with the following output:
Change Dir: /Users/Knowledge/Developer/Tutorials/MixingFortranAndC/CMake_Fortran_in_Cpp/build/CMakeFiles/CMakeTmp

Run Build Command:"/usr/bin/make" "cmTC_b500e/fast"
/Applications/Xcode.app/Contents/Developer/usr/bin/make -f CMakeFiles/cmTC_b500e.dir/build.make CMakeFiles/cmTC_b500e.dir/build
Building Fortran object CMakeFiles/cmTC_b500e.dir/testFortranCompiler.f.o
/opt/local/bin/gfortran     -c /Users/Knowledge/Developer/Tutorials/MixingFortranAndC/CMake_Fortran_in_Cpp/build/CMakeFiles/CMakeTmp/testFortranCompiler.f -o CMakeFiles/cmTC_b500e.dir/testFortranCompiler.f.o
Linking Fortran executable cmTC_b500e
/opt/local/bin/cmake -E cmake_link_script CMakeFiles/cmTC_b500e.dir/link.txt --verbose=1
/opt/local/bin/gfortran       CMakeFiles/cmTC_b500e.dir/testFortranCompiler.f.o  -o cmTC_b500e 


Detecting Fortran compiler ABI info compiled with the following output:
Change Dir: /Users/Knowledge/Developer/Tutorials/MixingFortranAndC/CMake_Fortran_in_Cpp/build/CMakeFiles/CMakeTmp

Run Build Command:"/usr/bin/make" "cmTC_e4ef9/fast"
/Applications/Xcode.app/Contents/Developer/usr/bin/make -f CMakeFiles/cmTC_e4ef9.dir/build.make CMakeFiles/cmTC_e4ef9.dir/build
Building Fortran object CMakeFiles/cmTC_e4ef9.dir/CMakeFortranCompilerABI.F.o
/opt/local/bin/gfortran     -c /opt/local/share/cmake-3.7/Modules/CMakeFortranCompilerABI.F -o CMakeFiles/cmTC_e4ef9.dir/CMakeFortranCompilerABI.F.o
Linking Fortran executable cmTC_e4ef9
/opt/local/bin/cmake -E cmake_link_script CMakeFiles/cmTC_e4ef9.dir/link.txt --verbose=1
/opt/local/bin/gfortran    -v -Wl,-v   CMakeFiles/cmTC_e4ef9.dir/CMakeFortranCompilerABI.F.o  -o cmTC_e4ef9  
Driving: /opt/local/bin/gfortran -v -Wl,-v CMakeFiles/cmTC_e4ef9.dir/CMakeFortranCompilerABI.F.o -o cmTC_e4ef9 -mmacosx-version-min=10.12.1 -l gfortran -shared-libgcc
Using built-in specs.
COLLECT_GCC=/opt/local/bin/gfortran
COLLECT_LTO_WRAPPER=/opt/local/libexec/gcc/x86_64-apple-darwin16/6.2.0/lto-wrapper
Target: x86_64-apple-darwin16
Configured with: /opt/local/var/macports/build/_opt_bblocal_var_buildworker_ports_build_ports_lang_gcc6/gcc6/work/gcc-6.2.0/configure --prefix=/opt/local --build=x86_64-apple-darwin16 --enable-languages=c,c++,objc,obj-c++,lto,fortran --libdir=/opt/local/lib/gcc6 --includedir=/opt/local/include/gcc6 --infodir=/opt/local/share/info --mandir=/opt/local/share/man --datarootdir=/opt/local/share/gcc-6 --with-local-prefix=/opt/local --with-system-zlib --disable-nls --program-suffix=-mp-6 --with-gxx-include-dir=/opt/local/include/gcc6/c++/ --with-gmp=/opt/local --with-mpfr=/opt/local --with-mpc=/opt/local --with-isl=/opt/local --enable-stage1-checking --disable-multilib --enable-lto --enable-libstdcxx-time --with-build-config=bootstrap-debug --with-as=/opt/local/bin/as --with-ld=/opt/local/bin/ld --with-ar=/opt/local/bin/ar --with-bugurl=https://trac.macports.org/newticket --with-pkgversion='MacPorts gcc6 6.2.0_2'
Thread model: posix
gcc version 6.2.0 (MacPorts gcc6 6.2.0_2) 
Reading specs from /opt/local/lib/gcc6/gcc/x86_64-apple-darwin16/6.2.0/../../../libgfortran.spec
rename spec lib to liborig
COLLECT_GCC_OPTIONS='-v' '-o' 'cmTC_e4ef9' '-mmacosx-version-min=10.12.1' '-shared-libgcc' '-mtune=core2'
COMPILER_PATH=/opt/local/libexec/gcc/x86_64-apple-darwin16/6.2.0/:/opt/local/libexec/gcc/x86_64-apple-darwin16/6.2.0/:/opt/local/libexec/gcc/x86_64-apple-darwin16/:/opt/local/lib/gcc6/gcc/x86_64-apple-darwin16/6.2.0/:/opt/local/lib/gcc6/gcc/x86_64-apple-darwin16/
LIBRARY_PATH=/opt/local/lib/gcc6/gcc/x86_64-apple-darwin16/6.2.0/:/opt/local/lib/gcc6/gcc/x86_64-apple-darwin16/6.2.0/../../../
COLLECT_GCC_OPTIONS='-v' '-o' 'cmTC_e4ef9' '-mmacosx-version-min=10.12.1' '-shared-libgcc' '-mtune=core2'
 /opt/local/libexec/gcc/x86_64-apple-darwin16/6.2.0/collect2 -dynamic -arch x86_64 -macosx_version_min 10.12.1 -weak_reference_mismatches non-weak -o cmTC_e4ef9 -L/opt/local/lib/gcc6/gcc/x86_64-apple-darwin16/6.2.0 -L/opt/local/lib/gcc6/gcc/x86_64-apple-darwin16/6.2.0/../../.. -v CMakeFiles/cmTC_e4ef9.dir/CMakeFortranCompilerABI.F.o -lgfortran -no_compact_unwind -lSystem -lgcc_ext.10.5 -lgcc -lquadmath -lm -lgcc_ext.10.5 -lgcc -lSystem -v
collect2 version 6.2.0
/opt/local/bin/ld -dynamic -arch x86_64 -macosx_version_min 10.12.1 -weak_reference_mismatches non-weak -o cmTC_e4ef9 -L/opt/local/lib/gcc6/gcc/x86_64-apple-darwin16/6.2.0 -L/opt/local/lib/gcc6/gcc/x86_64-apple-darwin16/6.2.0/../../.. -v CMakeFiles/cmTC_e4ef9.dir/CMakeFortranCompilerABI.F.o -lgfortran -no_compact_unwind -lSystem -lgcc_ext.10.5 -lgcc -lquadmath -lm -lgcc_ext.10.5 -lgcc -lSystem -v
@(#)PROGRAM:ld  PROJECT:ld64-264.3.102
configured to support archs: i386 x86_64 x86_64h armv6 armv7 armv7s armv7m armv7k arm64 (tvOS)
@(#)PROGRAM:ld  PROJECT:ld64-264.3.102
configured to support archs: i386 x86_64 x86_64h armv6 armv7 armv7s armv7m armv7k arm64 (tvOS)
Library search paths:
	/opt/local/lib/gcc6/gcc/x86_64-apple-darwin16/6.2.0
	/opt/local/lib/gcc6
	/usr/lib
	/usr/local/lib
Framework search paths:
	/Library/Frameworks/
	/System/Library/Frameworks/
 /opt/local/bin/nm -n CMakeFiles/cmTC_e4ef9.dir/CMakeFortranCompilerABI.F.o


Parsed Fortran implicit link information from above output:
  link line regex: [^( *|.*[/\])(ld|([^/\]+-)?ld|collect2)[^/\]*( |$)]
  ignore line: [Change Dir: /Users/Knowledge/Developer/Tutorials/MixingFortranAndC/CMake_Fortran_in_Cpp/build/CMakeFiles/CMakeTmp]
  ignore line: []
  ignore line: [Run Build Command:"/usr/bin/make" "cmTC_e4ef9/fast"]
  ignore line: [/Applications/Xcode.app/Contents/Developer/usr/bin/make -f CMakeFiles/cmTC_e4ef9.dir/build.make CMakeFiles/cmTC_e4ef9.dir/build]
  ignore line: [Building Fortran object CMakeFiles/cmTC_e4ef9.dir/CMakeFortranCompilerABI.F.o]
  ignore line: [/opt/local/bin/gfortran     -c /opt/local/share/cmake-3.7/Modules/CMakeFortranCompilerABI.F -o CMakeFiles/cmTC_e4ef9.dir/CMakeFortranCompilerABI.F.o]
  ignore line: [Linking Fortran executable cmTC_e4ef9]
  ignore line: [/opt/local/bin/cmake -E cmake_link_script CMakeFiles/cmTC_e4ef9.dir/link.txt --verbose=1]
  ignore line: [/opt/local/bin/gfortran    -v -Wl,-v   CMakeFiles/cmTC_e4ef9.dir/CMakeFortranCompilerABI.F.o  -o cmTC_e4ef9  ]
  ignore line: [Driving: /opt/local/bin/gfortran -v -Wl,-v CMakeFiles/cmTC_e4ef9.dir/CMakeFortranCompilerABI.F.o -o cmTC_e4ef9 -mmacosx-version-min=10.12.1 -l gfortran -shared-libgcc]
  ignore line: [Using built-in specs.]
  ignore line: [COLLECT_GCC=/opt/local/bin/gfortran]
  ignore line: [COLLECT_LTO_WRAPPER=/opt/local/libexec/gcc/x86_64-apple-darwin16/6.2.0/lto-wrapper]
  ignore line: [Target: x86_64-apple-darwin16]
  ignore line: [Configured with: /opt/local/var/macports/build/_opt_bblocal_var_buildworker_ports_build_ports_lang_gcc6/gcc6/work/gcc-6.2.0/configure --prefix=/opt/local --build=x86_64-apple-darwin16 --enable-languages=c,c++,objc,obj-c++,lto,fortran --libdir=/opt/local/lib/gcc6 --includedir=/opt/local/include/gcc6 --infodir=/opt/local/share/info --mandir=/opt/local/share/man --datarootdir=/opt/local/share/gcc-6 --with-local-prefix=/opt/local --with-system-zlib --disable-nls --program-suffix=-mp-6 --with-gxx-include-dir=/opt/local/include/gcc6/c++/ --with-gmp=/opt/local --with-mpfr=/opt/local --with-mpc=/opt/local --with-isl=/opt/local --enable-stage1-checking --disable-multilib --enable-lto --enable-libstdcxx-time --with-build-config=bootstrap-debug --with-as=/opt/local/bin/as --with-ld=/opt/local/bin/ld --with-ar=/opt/local/bin/ar --with-bugurl=https://trac.macports.org/newticket --with-pkgversion='MacPorts gcc6 6.2.0_2']
  ignore line: [Thread model: posix]
  ignore line: [gcc version 6.2.0 (MacPorts gcc6 6.2.0_2) ]
  ignore line: [Reading specs from /opt/local/lib/gcc6/gcc/x86_64-apple-darwin16/6.2.0/../../../libgfortran.spec]
  ignore line: [rename spec lib to liborig]
  ignore line: [COLLECT_GCC_OPTIONS='-v' '-o' 'cmTC_e4ef9' '-mmacosx-version-min=10.12.1' '-shared-libgcc' '-mtune=core2']
  ignore line: [COMPILER_PATH=/opt/local/libexec/gcc/x86_64-apple-darwin16/6.2.0/:/opt/local/libexec/gcc/x86_64-apple-darwin16/6.2.0/:/opt/local/libexec/gcc/x86_64-apple-darwin16/:/opt/local/lib/gcc6/gcc/x86_64-apple-darwin16/6.2.0/:/opt/local/lib/gcc6/gcc/x86_64-apple-darwin16/]
  ignore line: [LIBRARY_PATH=/opt/local/lib/gcc6/gcc/x86_64-apple-darwin16/6.2.0/:/opt/local/lib/gcc6/gcc/x86_64-apple-darwin16/6.2.0/../../../]
  ignore line: [COLLECT_GCC_OPTIONS='-v' '-o' 'cmTC_e4ef9' '-mmacosx-version-min=10.12.1' '-shared-libgcc' '-mtune=core2']
  link line: [ /opt/local/libexec/gcc/x86_64-apple-darwin16/6.2.0/collect2 -dynamic -arch x86_64 -macosx_version_min 10.12.1 -weak_reference_mismatches non-weak -o cmTC_e4ef9 -L/opt/local/lib/gcc6/gcc/x86_64-apple-darwin16/6.2.0 -L/opt/local/lib/gcc6/gcc/x86_64-apple-darwin16/6.2.0/../../.. -v CMakeFiles/cmTC_e4ef9.dir/CMakeFortranCompilerABI.F.o -lgfortran -no_compact_unwind -lSystem -lgcc_ext.10.5 -lgcc -lquadmath -lm -lgcc_ext.10.5 -lgcc -lSystem -v]
    arg [/opt/local/libexec/gcc/x86_64-apple-darwin16/6.2.0/collect2] ==> ignore
    arg [-dynamic] ==> ignore
    arg [-arch] ==> ignore
    arg [x86_64] ==> ignore
    arg [-macosx_version_min] ==> ignore
    arg [10.12.1] ==> ignore
    arg [-weak_reference_mismatches] ==> ignore
    arg [non-weak] ==> ignore
    arg [-o] ==> ignore
    arg [cmTC_e4ef9] ==> ignore
    arg [-L/opt/local/lib/gcc6/gcc/x86_64-apple-darwin16/6.2.0] ==> dir [/opt/local/lib/gcc6/gcc/x86_64-apple-darwin16/6.2.0]
    arg [-L/opt/local/lib/gcc6/gcc/x86_64-apple-darwin16/6.2.0/../../..] ==> dir [/opt/local/lib/gcc6/gcc/x86_64-apple-darwin16/6.2.0/../../..]
    arg [-v] ==> ignore
    arg [CMakeFiles/cmTC_e4ef9.dir/CMakeFortranCompilerABI.F.o] ==> ignore
    arg [-lgfortran] ==> lib [gfortran]
    arg [-no_compact_unwind] ==> ignore
    arg [-lSystem] ==> lib [System]
    arg [-lgcc_ext.10.5] ==> lib [gcc_ext.10.5]
    arg [-lgcc] ==> lib [gcc]
    arg [-lquadmath] ==> lib [quadmath]
    arg [-lm] ==> lib [m]
    arg [-lgcc_ext.10.5] ==> lib [gcc_ext.10.5]
    arg [-lgcc] ==> lib [gcc]
    arg [-lSystem] ==> lib [System]
    arg [-v] ==> ignore
  Library search paths: [;/opt/local/lib/gcc6/gcc/x86_64-apple-darwin16/6.2.0;/opt/local/lib/gcc6;/usr/lib;/usr/local/lib]
  Framework search paths: [;/Library/Frameworks/;/System/Library/Frameworks/]
  remove lib [System]
  remove lib [gcc_ext.10.5]
  remove lib [gcc]
  remove lib [gcc_ext.10.5]
  remove lib [gcc]
  remove lib [System]
  collapse library dir [/opt/local/lib/gcc6/gcc/x86_64-apple-darwin16/6.2.0] ==> [/opt/local/lib/gcc6/gcc/x86_64-apple-darwin16/6.2.0]
  collapse library dir [/opt/local/lib/gcc6/gcc/x86_64-apple-darwin16/6.2.0/../../..] ==> [/opt/local/lib/gcc6]
  collapse library dir [/opt/local/lib/gcc6/gcc/x86_64-apple-darwin16/6.2.0] ==> [/opt/local/lib/gcc6/gcc/x86_64-apple-darwin16/6.2.0]
  collapse library dir [/opt/local/lib/gcc6] ==> [/opt/local/lib/gcc6]
  collapse library dir [/usr/lib] ==> [/usr/lib]
  collapse library dir [/usr/local/lib] ==> [/usr/local/lib]
  collapse framework dir [/Library/Frameworks/] ==> [/Library/Frameworks]
  collapse framework dir [/System/Library/Frameworks/] ==> [/System/Library/Frameworks]
  implicit libs: [gfortran;quadmath;m]
  implicit dirs: [/opt/local/lib/gcc6/gcc/x86_64-apple-darwin16/6.2.0;/opt/local/lib/gcc6;/usr/lib;/usr/local/lib]
  implicit fwks: [/Library/Frameworks;/System/Library/Frameworks]


Determining if the Fortran compiler supports Fortran 90 passed with the following output:
Change Dir: /Users/Knowledge/Developer/Tutorials/MixingFortranAndC/CMake_Fortran_in_Cpp/build/CMakeFiles/CMakeTmp

Run Build Command:"/usr/bin/make" "cmTC_785f5/fast"
/Applications/Xcode.app/Contents/Developer/usr/bin/make -f CMakeFiles/cmTC_785f5.dir/build.make CMakeFiles/cmTC_785f5.dir/build
Building Fortran object CMakeFiles/cmTC_785f5.dir/testFortranCompilerF90.f90.o
/opt/local/bin/gfortran     -c /Users/Knowledge/Developer/Tutorials/MixingFortranAndC/CMake_Fortran_in_Cpp/build/CMakeFiles/CMakeTmp/testFortranCompilerF90.f90 -o CMakeFiles/cmTC_785f5.dir/testFortranCompilerF90.f90.o
Linking Fortran executable cmTC_785f5
/opt/local/bin/cmake -E cmake_link_script CMakeFiles/cmTC_785f5.dir/link.txt --verbose=1
/opt/local/bin/gfortran       CMakeFiles/cmTC_785f5.dir/testFortranCompilerF90.f90.o  -o cmTC_785f5 


